<?xml version="1.0" encoding="utf-8"?>
<coverage line-rate="0.5935" branch-rate="0.5586" version="1.9" timestamp="1776924542" lines-covered="822" lines-valid="1385" branches-covered="457" branches-valid="818">
  <sources>
    <source>c:\Projects\Godot-Generator-Avalonia\src\GodotGenerator.Infrastructure.Ai\</source>
  </sources>
  <packages>
    <package name="GodotGenerator.Infrastructure.Ai" line-rate="0.5935" branch-rate="0.5586" complexity="853">
      <classes>
        <class name="GodotGenerator.Infrastructure.Ai.Services.AiOrchestrationService" filename="Services\AiOrchestrationService.cs" line-rate="0.6341" branch-rate="0.5" complexity="46">
          <methods>
            <method name="EnsureGodotToolFilters" signature="(Microsoft.SemanticKernel.Kernel)" line-rate="0.6666" branch-rate="0.5" complexity="2">
              <lines>
                <line number="169" hits="4" branch="False" />
                <line number="170" hits="4" branch="True" condition-coverage="50% (1/2)">
                  <conditions>
                    <condition number="28" type="jump" coverage="50%" />
                  </conditions>
                </line>
                <line number="171" hits="0" branch="False" />
                <line number="172" hits="0" branch="False" />
                <line number="175" hits="4" branch="False" />
                <line number="176" hits="4" branch="False" />
              </lines>
            </method>
            <method name="ExtractProjectContextFromOptions" signature="(GodotGenerator.Application.Dtos.AgentTurnRequest,System.String&amp;,System.String&amp;,System.String&amp;)" line-rate="0.8695" branch-rate="0.8571" complexity="14">
              <lines>
                <line number="183" hits="9" branch="False" />
                <line number="184" hits="9" branch="False" />
                <line number="185" hits="9" branch="False" />
                <line number="186" hits="9" branch="False" />
                <line number="187" hits="9" branch="True" condition-coverage="100% (2/2)">
                  <conditions>
                    <condition number="21" type="jump" coverage="100%" />
                  </conditions>
                </line>
                <line number="188" hits="4" branch="False" />
                <line number="189" hits="4" branch="False" />
                <line number="192" hits="5" branch="True" condition-coverage="100% (4/4)">
                  <conditions>
                    <condition number="47" type="jump" coverage="100%" />
                    <condition number="60" type="jump" coverage="100%" />
                  </conditions>
                </line>
                <line number="193" hits="5" branch="False" />
                <line number="194" hits="3" branch="False" />
                <line number="195" hits="3" branch="False" />
                <line number="196" hits="3" branch="False" />
                <line number="198" hits="5" branch="True" condition-coverage="100% (4/4)">
                  <conditions>
                    <condition number="90" type="jump" coverage="100%" />
                    <condition number="103" type="jump" coverage="100%" />
                  </conditions>
                </line>
                <line number="199" hits="5" branch="False" />
                <line number="200" hits="1" branch="False" />
                <line number="201" hits="1" branch="False" />
                <line number="202" hits="1" branch="False" />
                <line number="204" hits="5" branch="True" condition-coverage="50% (2/4)">
                  <conditions>
                    <condition number="133" type="jump" coverage="50%" />
                    <condition number="146" type="jump" coverage="50%" />
                  </conditions>
                </line>
                <line number="205" hits="5" branch="False" />
                <line number="206" hits="0" branch="False" />
                <line number="207" hits="0" branch="False" />
                <line number="208" hits="0" branch="False" />
                <line number="209" hits="9" branch="False" />
              </lines>
            </method>
            <method name="TryGetTemperature" signature="(System.Collections.Generic.IReadOnlyDictionary`2&lt;System.String,System.Object&gt;,System.Double&amp;)" line-rate="0.3157" branch-rate="0.22219999999999998" complexity="18">
              <lines>
                <line number="212" hits="4" branch="False" />
                <line number="213" hits="4" branch="False" />
                <line number="214" hits="4" branch="True" condition-coverage="66.66% (4/6)">
                  <conditions>
                    <condition number="13" type="jump" coverage="100%" />
                    <condition number="28" type="jump" coverage="50%" />
                    <condition number="39" type="jump" coverage="50%" />
                  </conditions>
                </line>
                <line number="215" hits="4" branch="False" />
                <line number="216" hits="4" branch="False" />
                <line number="219" hits="0" branch="True" condition-coverage="0% (0/10)">
                  <conditions>
                    <condition number="63" type="jump" coverage="0%" />
                    <condition number="83" type="jump" coverage="0%" />
                    <condition number="103" type="jump" coverage="0%" />
                    <condition number="123" type="jump" coverage="0%" />
                    <condition number="147" type="jump" coverage="0%" />
                  </conditions>
                </line>
                <line number="222" hits="0" branch="False" />
                <line number="223" hits="0" branch="False" />
                <line number="225" hits="0" branch="False" />
                <line number="226" hits="0" branch="False" />
                <line number="228" hits="0" branch="False" />
                <line number="229" hits="0" branch="False" />
                <line number="231" hits="0" branch="False" />
                <line number="232" hits="0" branch="False" />
                <line number="233" hits="0" branch="True" condition-coverage="0% (0/2)">
                  <conditions>
                    <condition number="231" type="jump" coverage="0%" />
                  </conditions>
                </line>
                <line number="234" hits="0" branch="False" />
                <line number="235" hits="0" branch="False" />
                <line number="237" hits="0" branch="False" />
                <line number="239" hits="4" branch="False" />
              </lines>
            </method>
            <method name="NormalizeResponseText" signature="(System.Collections.Generic.IReadOnlyList`1&lt;Microsoft.SemanticKernel.ChatMessageContent&gt;)" line-rate="0.7142000000000001" branch-rate="0.5" complexity="4">
              <lines>
                <line number="286" hits="4" branch="False" />
                <line number="287" hits="4" branch="True" condition-coverage="50% (1/2)">
                  <conditions>
                    <condition number="12" type="jump" coverage="50%" />
                  </conditions>
                </line>
                <line number="288" hits="0" branch="False" />
                <line number="289" hits="0" branch="False" />
                <line number="292" hits="4" branch="False" />
                <line number="293" hits="4" branch="False" />
                <line number="294" hits="4" branch="False" />
                <line number="295" hits="4" branch="False" />
                <line number="296" hits="4" branch="False" />
                <line number="298" hits="4" branch="True" condition-coverage="50% (1/2)">
                  <conditions>
                    <condition number="148" type="jump" coverage="50%" />
                  </conditions>
                </line>
                <line number="299" hits="0" branch="False" />
                <line number="300" hits="0" branch="False" />
                <line number="303" hits="4" branch="False" />
                <line number="304" hits="4" branch="False" />
              </lines>
            </method>
            <method name="NormalizeUserDetail" signature="(System.Exception)" line-rate="0.7142000000000001" branch-rate="0.75" complexity="4">
              <lines>
                <line number="312" hits="4" branch="False" />
                <line number="313" hits="4" branch="False" />
                <line number="314" hits="4" branch="True" condition-coverage="50% (1/2)">
                  <conditions>
                    <condition number="16" type="jump" coverage="50%" />
                  </conditions>
                </line>
                <line number="315" hits="0" branch="False" />
                <line number="316" hits="0" branch="False" />
                <line number="319" hits="4" branch="True" condition-coverage="100% (2/2)">
                  <conditions>
                    <condition number="38" type="jump" coverage="100%" />
                  </conditions>
                </line>
                <line number="320" hits="4" branch="False" />
              </lines>
            </method>
            <method name="IsTypedSkillPlugin" signature="(System.String)" line-rate="0" branch-rate="0" complexity="2">
              <lines>
                <line number="574" hits="0" branch="True" condition-coverage="0% (0/2)">
                  <conditions>
                    <condition number="1" type="jump" coverage="0%" />
                  </conditions>
                </line>
              </lines>
            </method>
            <method name=".ctor" signature="(GodotGenerator.Infrastructure.Ai.KernelFactory.IKernelFactory,GodotGenerator.Infrastructure.Ai.Services.IProviderCapabilityRouter,Microsoft.Extensions.Options.IOptions`1&lt;GodotGenerator.Infrastructure.Ai.Options.OrchestrationOptions&gt;,GodotGenerator.Application.Abstractions.IGodotProjectPathValidator,Microsoft.Extensions.Logging.ILogger`1&lt;GodotGenerator.Infrastructure.Ai.Services.AiOrchestrationService&gt;,GodotMcp.Plugin.GodotPlugin)" line-rate="1" branch-rate="1" complexity="1">
              <lines>
                <line number="24" hits="10" branch="False" />
                <line number="25" hits="10" branch="False" />
                <line number="26" hits="10" branch="False" />
                <line number="27" hits="10" branch="False" />
                <line number="28" hits="10" branch="False" />
                <line number="29" hits="10" branch="False" />
                <line number="30" hits="10" branch="False" />
              </lines>
            </method>
            <method name=".cctor" signature="()" line-rate="0" branch-rate="1" complexity="1">
              <lines>
                <line number="567" hits="0" branch="False" />
                <line number="568" hits="0" branch="False" />
                <line number="569" hits="0" branch="False" />
                <line number="570" hits="0" branch="False" />
                <line number="571" hits="0" branch="False" />
              </lines>
            </method>
          </methods>
          <lines>
            <line number="169" hits="4" branch="False" />
            <line number="170" hits="4" branch="True" condition-coverage="50% (1/2)">
              <conditions>
                <condition number="28" type="jump" coverage="50%" />
              </conditions>
            </line>
            <line number="171" hits="0" branch="False" />
            <line number="172" hits="0" branch="False" />
            <line number="175" hits="4" branch="False" />
            <line number="176" hits="4" branch="False" />
            <line number="183" hits="9" branch="False" />
            <line number="184" hits="9" branch="False" />
            <line number="185" hits="9" branch="False" />
            <line number="186" hits="9" branch="False" />
            <line number="187" hits="9" branch="True" condition-coverage="100% (2/2)">
              <conditions>
                <condition number="21" type="jump" coverage="100%" />
              </conditions>
            </line>
            <line number="188" hits="4" branch="False" />
            <line number="189" hits="4" branch="False" />
            <line number="192" hits="5" branch="True" condition-coverage="100% (4/4)">
              <conditions>
                <condition number="47" type="jump" coverage="100%" />
                <condition number="60" type="jump" coverage="100%" />
              </conditions>
            </line>
            <line number="193" hits="5" branch="False" />
            <line number="194" hits="3" branch="False" />
            <line number="195" hits="3" branch="False" />
            <line number="196" hits="3" branch="False" />
            <line number="198" hits="5" branch="True" condition-coverage="100% (4/4)">
              <conditions>
                <condition number="90" type="jump" coverage="100%" />
                <condition number="103" type="jump" coverage="100%" />
              </conditions>
            </line>
            <line number="199" hits="5" branch="False" />
            <line number="200" hits="1" branch="False" />
            <line number="201" hits="1" branch="False" />
            <line number="202" hits="1" branch="False" />
            <line number="204" hits="5" branch="True" condition-coverage="50% (2/4)">
              <conditions>
                <condition number="133" type="jump" coverage="50%" />
                <condition number="146" type="jump" coverage="50%" />
              </conditions>
            </line>
            <line number="205" hits="5" branch="False" />
            <line number="206" hits="0" branch="False" />
            <line number="207" hits="0" branch="False" />
            <line number="208" hits="0" branch="False" />
            <line number="209" hits="9" branch="False" />
            <line number="212" hits="4" branch="False" />
            <line number="213" hits="4" branch="False" />
            <line number="214" hits="4" branch="True" condition-coverage="66.66% (4/6)">
              <conditions>
                <condition number="13" type="jump" coverage="100%" />
                <condition number="28" type="jump" coverage="50%" />
                <condition number="39" type="jump" coverage="50%" />
              </conditions>
            </line>
            <line number="215" hits="4" branch="False" />
            <line number="216" hits="4" branch="False" />
            <line number="219" hits="0" branch="True" condition-coverage="0% (0/10)">
              <conditions>
                <condition number="63" type="jump" coverage="0%" />
                <condition number="83" type="jump" coverage="0%" />
                <condition number="103" type="jump" coverage="0%" />
                <condition number="123" type="jump" coverage="0%" />
                <condition number="147" type="jump" coverage="0%" />
              </conditions>
            </line>
            <line number="222" hits="0" branch="False" />
            <line number="223" hits="0" branch="False" />
            <line number="225" hits="0" branch="False" />
            <line number="226" hits="0" branch="False" />
            <line number="228" hits="0" branch="False" />
            <line number="229" hits="0" branch="False" />
            <line number="231" hits="0" branch="False" />
            <line number="232" hits="0" branch="False" />
            <line number="233" hits="0" branch="True" condition-coverage="0% (0/2)">
              <conditions>
                <condition number="231" type="jump" coverage="0%" />
              </conditions>
            </line>
            <line number="234" hits="0" branch="False" />
            <line number="235" hits="0" branch="False" />
            <line number="237" hits="0" branch="False" />
            <line number="239" hits="4" branch="False" />
            <line number="286" hits="4" branch="False" />
            <line number="287" hits="4" branch="True" condition-coverage="50% (1/2)">
              <conditions>
                <condition number="12" type="jump" coverage="50%" />
              </conditions>
            </line>
            <line number="288" hits="0" branch="False" />
            <line number="289" hits="0" branch="False" />
            <line number="292" hits="4" branch="False" />
            <line number="293" hits="4" branch="False" />
            <line number="294" hits="4" branch="False" />
            <line number="295" hits="4" branch="False" />
            <line number="296" hits="4" branch="False" />
            <line number="298" hits="4" branch="True" condition-coverage="50% (1/2)">
              <conditions>
                <condition number="148" type="jump" coverage="50%" />
              </conditions>
            </line>
            <line number="299" hits="0" branch="False" />
            <line number="300" hits="0" branch="False" />
            <line number="303" hits="4" branch="False" />
            <line number="304" hits="4" branch="False" />
            <line number="312" hits="4" branch="False" />
            <line number="313" hits="4" branch="False" />
            <line number="314" hits="4" branch="True" condition-coverage="50% (1/2)">
              <conditions>
                <condition number="16" type="jump" coverage="50%" />
              </conditions>
            </line>
            <line number="315" hits="0" branch="False" />
            <line number="316" hits="0" branch="False" />
            <line number="319" hits="4" branch="True" condition-coverage="100% (2/2)">
              <conditions>
                <condition number="38" type="jump" coverage="100%" />
              </conditions>
            </line>
            <line number="320" hits="4" branch="False" />
            <line number="574" hits="0" branch="True" condition-coverage="0% (0/2)">
              <conditions>
                <condition number="1" type="jump" coverage="0%" />
              </conditions>
            </line>
            <line number="24" hits="10" branch="False" />
            <line number="25" hits="10" branch="False" />
            <line number="26" hits="10" branch="False" />
            <line number="27" hits="10" branch="False" />
            <line number="28" hits="10" branch="False" />
            <line number="29" hits="10" branch="False" />
            <line number="30" hits="10" branch="False" />
            <line number="567" hits="0" branch="False" />
            <line number="568" hits="0" branch="False" />
            <line number="569" hits="0" branch="False" />
            <line number="570" hits="0" branch="False" />
            <line number="571" hits="0" branch="False" />
          </lines>
        </class>
        <class name="GodotGenerator.Infrastructure.Ai.Services.AiOrchestrationService/GodotToolDebugFilter" filename="Services\AiOrchestrationService.cs" line-rate="0.09230000000000001" branch-rate="0.046799999999999994" complexity="65">
          <methods>
            <method name="CoerceBoolArgument" signature="(Microsoft.SemanticKernel.FunctionInvocationContext,System.String,System.String,Microsoft.Extensions.Logging.ILogger)" line-rate="0.3846" branch-rate="0.3" complexity="10">
              <lines>
                <line number="711" hits="16" branch="False" />
                <line number="712" hits="16" branch="True" condition-coverage="50% (2/4)">
                  <conditions>
                    <condition number="15" type="jump" coverage="50%" />
                    <condition number="28" type="jump" coverage="50%" />
                  </conditions>
                </line>
                <line number="713" hits="16" branch="False" />
                <line number="714" hits="16" branch="False" />
                <line number="717" hits="0" branch="True" condition-coverage="0% (0/2)">
                  <conditions>
                    <condition number="48" type="jump" coverage="0%" />
                  </conditions>
                </line>
                <line number="718" hits="0" branch="False" />
                <line number="719" hits="0" branch="False" />
                <line number="722" hits="0" branch="True" condition-coverage="0% (0/2)">
                  <conditions>
                    <condition number="59" type="jump" coverage="0%" />
                  </conditions>
                </line>
                <line number="723" hits="0" branch="True" condition-coverage="50% (1/2)">
                  <conditions>
                    <condition number="84" type="jump" coverage="50%" />
                  </conditions>
                </line>
                <line number="724" hits="0" branch="False" />
                <line number="725" hits="0" branch="False" />
                <line number="726" hits="0" branch="False" />
                <line number="728" hits="16" branch="False" />
              </lines>
            </method>
            <method name="TryCoerceToBool" signature="(System.Object,System.Boolean&amp;)" line-rate="0" branch-rate="0" complexity="54">
              <lines>
                <line number="731" hits="0" branch="False" />
                <line number="732" hits="0" branch="False" />
                <line number="733" hits="0" branch="True" condition-coverage="0% (0/2)">
                  <conditions>
                    <condition number="10" type="jump" coverage="0%" />
                  </conditions>
                </line>
                <line number="734" hits="0" branch="False" />
                <line number="735" hits="0" branch="False" />
                <line number="738" hits="0" branch="True" condition-coverage="0% (0/4)">
                  <conditions>
                    <condition number="26" type="jump" coverage="0%" />
                    <condition number="43" type="jump" coverage="0%" />
                  </conditions>
                </line>
                <line number="739" hits="0" branch="False" />
                <line number="740" hits="0" branch="False" />
                <line number="741" hits="0" branch="False" />
                <line number="744" hits="0" branch="True" condition-coverage="0% (0/2)">
                  <conditions>
                    <condition number="71" type="jump" coverage="0%" />
                  </conditions>
                </line>
                <line number="745" hits="0" branch="False" />
                <line number="746" hits="0" branch="False" />
                <line number="747" hits="0" branch="True" condition-coverage="0% (0/12)">
                  <conditions>
                    <condition number="102" type="jump" coverage="0%" />
                    <condition number="116" type="jump" coverage="0%" />
                    <condition number="130" type="jump" coverage="0%" />
                    <condition number="144" type="jump" coverage="0%" />
                    <condition number="158" type="jump" coverage="0%" />
                    <condition number="176" type="jump" coverage="0%" />
                  </conditions>
                </line>
                <line number="748" hits="0" branch="False" />
                <line number="749" hits="0" branch="False" />
                <line number="750" hits="0" branch="False" />
                <line number="752" hits="0" branch="True" condition-coverage="0% (0/12)">
                  <conditions>
                    <condition number="201" type="jump" coverage="0%" />
                    <condition number="215" type="jump" coverage="0%" />
                    <condition number="229" type="jump" coverage="0%" />
                    <condition number="243" type="jump" coverage="0%" />
                    <condition number="257" type="jump" coverage="0%" />
                    <condition number="275" type="jump" coverage="0%" />
                  </conditions>
                </line>
                <line number="753" hits="0" branch="False" />
                <line number="754" hits="0" branch="False" />
                <line number="755" hits="0" branch="False" />
                <line number="758" hits="0" branch="False" />
                <line number="761" hits="0" branch="True" condition-coverage="0% (0/12)">
                  <conditions>
                    <condition number="316" type="jump" coverage="0%" />
                    <condition number="336" type="jump" coverage="0%" />
                    <condition number="356" type="jump" coverage="0%" />
                    <condition number="376" type="jump" coverage="0%" />
                    <condition number="396" type="jump" coverage="0%" />
                    <condition number="416" type="jump" coverage="0%" />
                  </conditions>
                </line>
                <line number="764" hits="0" branch="False" />
                <line number="765" hits="0" branch="False" />
                <line number="767" hits="0" branch="False" />
                <line number="768" hits="0" branch="False" />
                <line number="770" hits="0" branch="False" />
                <line number="771" hits="0" branch="False" />
                <line number="773" hits="0" branch="False" />
                <line number="774" hits="0" branch="False" />
                <line number="776" hits="0" branch="False" />
                <line number="777" hits="0" branch="False" />
                <line number="779" hits="0" branch="True" condition-coverage="0% (0/2)">
                  <conditions>
                    <condition number="558" type="jump" coverage="0%" />
                  </conditions>
                </line>
                <line number="780" hits="0" branch="False" />
                <line number="781" hits="0" branch="False" />
                <line number="782" hits="0" branch="False" />
                <line number="784" hits="0" branch="True" condition-coverage="0% (0/2)">
                  <conditions>
                    <condition number="582" type="jump" coverage="0%" />
                  </conditions>
                </line>
                <line number="785" hits="0" branch="False" />
                <line number="786" hits="0" branch="False" />
                <line number="787" hits="0" branch="False" />
                <line number="789" hits="0" branch="True" condition-coverage="0% (0/2)">
                  <conditions>
                    <condition number="606" type="jump" coverage="0%" />
                  </conditions>
                </line>
                <line number="790" hits="0" branch="False" />
                <line number="791" hits="0" branch="False" />
                <line number="792" hits="0" branch="False" />
                <line number="794" hits="0" branch="True" condition-coverage="0% (0/2)">
                  <conditions>
                    <condition number="650" type="jump" coverage="0%" />
                  </conditions>
                </line>
                <line number="795" hits="0" branch="False" />
                <line number="796" hits="0" branch="False" />
                <line number="797" hits="0" branch="True" condition-coverage="0% (0/2)">
                  <conditions>
                    <condition number="664" type="jump" coverage="0%" />
                  </conditions>
                </line>
                <line number="799" hits="0" branch="False" />
                <line number="802" hits="0" branch="False" />
                <line number="803" hits="0" branch="False" />
              </lines>
            </method>
            <method name=".ctor" signature="(Microsoft.Extensions.Logging.ILogger,GodotMcp.Plugin.GodotPlugin)" line-rate="1" branch-rate="1" complexity="1">
              <lines>
                <line number="576" hits="4" branch="False" />
              </lines>
            </method>
          </methods>
          <lines>
            <line number="711" hits="16" branch="False" />
            <line number="712" hits="16" branch="True" condition-coverage="50% (2/4)">
              <conditions>
                <condition number="15" type="jump" coverage="50%" />
                <condition number="28" type="jump" coverage="50%" />
              </conditions>
            </line>
            <line number="713" hits="16" branch="False" />
            <line number="714" hits="16" branch="False" />
            <line number="717" hits="0" branch="True" condition-coverage="0% (0/2)">
              <conditions>
                <condition number="48" type="jump" coverage="0%" />
              </conditions>
            </line>
            <line number="718" hits="0" branch="False" />
            <line number="719" hits="0" branch="False" />
            <line number="722" hits="0" branch="True" condition-coverage="0% (0/2)">
              <conditions>
                <condition number="59" type="jump" coverage="0%" />
              </conditions>
            </line>
            <line number="723" hits="0" branch="True" condition-coverage="50% (1/2)">
              <conditions>
                <condition number="84" type="jump" coverage="50%" />
              </conditions>
            </line>
            <line number="724" hits="0" branch="False" />
            <line number="725" hits="0" branch="False" />
            <line number="726" hits="0" branch="False" />
            <line number="728" hits="16" branch="False" />
            <line number="731" hits="0" branch="False" />
            <line number="732" hits="0" branch="False" />
            <line number="733" hits="0" branch="True" condition-coverage="0% (0/2)">
              <conditions>
                <condition number="10" type="jump" coverage="0%" />
              </conditions>
            </line>
            <line number="734" hits="0" branch="False" />
            <line number="735" hits="0" branch="False" />
            <line number="738" hits="0" branch="True" condition-coverage="0% (0/4)">
              <conditions>
                <condition number="26" type="jump" coverage="0%" />
                <condition number="43" type="jump" coverage="0%" />
              </conditions>
            </line>
            <line number="739" hits="0" branch="False" />
            <line number="740" hits="0" branch="False" />
            <line number="741" hits="0" branch="False" />
            <line number="744" hits="0" branch="True" condition-coverage="0% (0/2)">
              <conditions>
                <condition number="71" type="jump" coverage="0%" />
              </conditions>
            </line>
            <line number="745" hits="0" branch="False" />
            <line number="746" hits="0" branch="False" />
            <line number="747" hits="0" branch="True" condition-coverage="0% (0/12)">
              <conditions>
                <condition number="102" type="jump" coverage="0%" />
                <condition number="116" type="jump" coverage="0%" />
                <condition number="130" type="jump" coverage="0%" />
                <condition number="144" type="jump" coverage="0%" />
                <condition number="158" type="jump" coverage="0%" />
                <condition number="176" type="jump" coverage="0%" />
              </conditions>
            </line>
            <line number="748" hits="0" branch="False" />
            <line number="749" hits="0" branch="False" />
            <line number="750" hits="0" branch="False" />
            <line number="752" hits="0" branch="True" condition-coverage="0% (0/12)">
              <conditions>
                <condition number="201" type="jump" coverage="0%" />
                <condition number="215" type="jump" coverage="0%" />
                <condition number="229" type="jump" coverage="0%" />
                <condition number="243" type="jump" coverage="0%" />
                <condition number="257" type="jump" coverage="0%" />
                <condition number="275" type="jump" coverage="0%" />
              </conditions>
            </line>
            <line number="753" hits="0" branch="False" />
            <line number="754" hits="0" branch="False" />
            <line number="755" hits="0" branch="False" />
            <line number="758" hits="0" branch="False" />
            <line number="761" hits="0" branch="True" condition-coverage="0% (0/12)">
              <conditions>
                <condition number="316" type="jump" coverage="0%" />
                <condition number="336" type="jump" coverage="0%" />
                <condition number="356" type="jump" coverage="0%" />
                <condition number="376" type="jump" coverage="0%" />
                <condition number="396" type="jump" coverage="0%" />
                <condition number="416" type="jump" coverage="0%" />
              </conditions>
            </line>
            <line number="764" hits="0" branch="False" />
            <line number="765" hits="0" branch="False" />
            <line number="767" hits="0" branch="False" />
            <line number="768" hits="0" branch="False" />
            <line number="770" hits="0" branch="False" />
            <line number="771" hits="0" branch="False" />
            <line number="773" hits="0" branch="False" />
            <line number="774" hits="0" branch="False" />
            <line number="776" hits="0" branch="False" />
            <line number="777" hits="0" branch="False" />
            <line number="779" hits="0" branch="True" condition-coverage="0% (0/2)">
              <conditions>
                <condition number="558" type="jump" coverage="0%" />
              </conditions>
            </line>
            <line number="780" hits="0" branch="False" />
            <line number="781" hits="0" branch="False" />
            <line number="782" hits="0" branch="False" />
            <line number="784" hits="0" branch="True" condition-coverage="0% (0/2)">
              <conditions>
                <condition number="582" type="jump" coverage="0%" />
              </conditions>
            </line>
            <line number="785" hits="0" branch="False" />
            <line number="786" hits="0" branch="False" />
            <line number="787" hits="0" branch="False" />
            <line number="789" hits="0" branch="True" condition-coverage="0% (0/2)">
              <conditions>
                <condition number="606" type="jump" coverage="0%" />
              </conditions>
            </line>
            <line number="790" hits="0" branch="False" />
            <line number="791" hits="0" branch="False" />
            <line number="792" hits="0" branch="False" />
            <line number="794" hits="0" branch="True" condition-coverage="0% (0/2)">
              <conditions>
                <condition number="650" type="jump" coverage="0%" />
              </conditions>
            </line>
            <line number="795" hits="0" branch="False" />
            <line number="796" hits="0" branch="False" />
            <line number="797" hits="0" branch="True" condition-coverage="0% (0/2)">
              <conditions>
                <condition number="664" type="jump" coverage="0%" />
              </conditions>
            </line>
            <line number="799" hits="0" branch="False" />
            <line number="802" hits="0" branch="False" />
            <line number="803" hits="0" branch="False" />
            <line number="576" hits="4" branch="False" />
          </lines>
        </class>
        <class name="GodotGenerator.Infrastructure.Ai.Services.AiOrchestrationService/GodotToolDebugFilter/&lt;OnFunctionInvocationAsync&gt;d__3" filename="Services\AiOrchestrationService.cs" line-rate="0.46" branch-rate="0.44439999999999996" complexity="36">
          <methods>
            <method name="MoveNext" signature="()" line-rate="0.46" branch-rate="0.44439999999999996" complexity="36">
              <lines>
                <line number="581" hits="4" branch="False" />
                <line number="582" hits="4" branch="False" />
                <line number="584" hits="4" branch="True" condition-coverage="50% (3/6)">
                  <conditions>
                    <condition number="94" type="jump" coverage="50%" />
                    <condition number="123" type="jump" coverage="50%" />
                    <condition number="142" type="jump" coverage="50%" />
                  </conditions>
                </line>
                <line number="585" hits="4" branch="False" />
                <line number="586" hits="4" branch="False" />
                <line number="587" hits="4" branch="False" />
                <line number="588" hits="4" branch="False" />
                <line number="589" hits="4" branch="False" />
                <line number="590" hits="4" branch="True" condition-coverage="100% (2/2)">
                  <conditions>
                    <condition number="181" type="jump" coverage="100%" />
                  </conditions>
                </line>
                <line number="591" hits="4" branch="False" />
                <line number="592" hits="4" branch="False" />
                <line number="593" hits="4" branch="True" condition-coverage="100% (2/2)">
                  <conditions>
                    <condition number="209" type="jump" coverage="100%" />
                  </conditions>
                </line>
                <line number="594" hits="4" branch="False" />
                <line number="595" hits="4" branch="False" />
                <line number="596" hits="4" branch="False" />
                <line number="597" hits="4" branch="False" />
                <line number="598" hits="4" branch="False" />
                <line number="599" hits="4" branch="False" />
                <line number="600" hits="4" branch="False" />
                <line number="604" hits="4" branch="False" />
                <line number="605" hits="4" branch="False" />
                <line number="606" hits="58" branch="True" condition-coverage="100% (2/2)">
                  <conditions>
                    <condition number="448" type="jump" coverage="100%" />
                  </conditions>
                </line>
                <line number="607" hits="23" branch="False" />
                <line number="608" hits="23" branch="True" condition-coverage="50% (1/2)">
                  <conditions>
                    <condition number="366" type="jump" coverage="50%" />
                  </conditions>
                </line>
                <line number="609" hits="23" branch="False" />
                <line number="611" hits="4" branch="False" />
                <line number="612" hits="4" branch="False" />
                <line number="613" hits="4" branch="False" />
                <line number="614" hits="0" branch="False" />
                <line number="615" hits="0" branch="False" />
                <line number="616" hits="0" branch="False" />
                <line number="617" hits="0" branch="False" />
                <line number="623" hits="4" branch="False" />
                <line number="624" hits="4" branch="True" condition-coverage="50% (1/2)">
                  <conditions>
                    <condition number="645" type="jump" coverage="50%" />
                  </conditions>
                </line>
                <line number="625" hits="4" branch="True" condition-coverage="50% (5/10)">
                  <conditions>
                    <condition number="669" type="jump" coverage="50%" />
                    <condition number="687" type="jump" coverage="50%" />
                    <condition number="705" type="jump" coverage="50%" />
                    <condition number="725" type="jump" coverage="50%" />
                    <condition number="757" type="jump" coverage="50%" />
                  </conditions>
                </line>
                <line number="626" hits="4" branch="False" />
                <line number="627" hits="4" branch="False" />
                <line number="628" hits="4" branch="False" />
                <line number="629" hits="4" branch="False" />
                <line number="630" hits="0" branch="False" />
                <line number="631" hits="0" branch="False" />
                <line number="632" hits="0" branch="False" />
                <line number="635" hits="0" branch="False" />
                <line number="636" hits="0" branch="False" />
                <line number="637" hits="0" branch="True" condition-coverage="0% (0/4)">
                  <conditions>
                    <condition number="863" type="jump" coverage="0%" />
                    <condition number="890" type="jump" coverage="0%" />
                  </conditions>
                </line>
                <line number="638" hits="0" branch="False" />
                <line number="639" hits="0" branch="False" />
                <line number="640" hits="0" branch="False" />
                <line number="642" hits="0" branch="False" />
                <line number="643" hits="0" branch="False" />
                <line number="644" hits="0" branch="False" />
                <line number="645" hits="0" branch="False" />
                <line number="646" hits="0" branch="False" />
                <line number="647" hits="0" branch="False" />
                <line number="648" hits="0" branch="False" />
                <line number="649" hits="0" branch="False" />
                <line number="652" hits="0" branch="False" />
                <line number="653" hits="0" branch="True" condition-coverage="0% (0/2)">
                  <conditions>
                    <condition number="991" type="jump" coverage="0%" />
                  </conditions>
                </line>
                <line number="654" hits="0" branch="False" />
                <line number="655" hits="0" branch="False" />
                <line number="656" hits="0" branch="False" />
                <line number="657" hits="0" branch="False" />
                <line number="658" hits="0" branch="False" />
                <line number="659" hits="0" branch="False" />
                <line number="660" hits="0" branch="False" />
                <line number="661" hits="0" branch="False" />
                <line number="662" hits="0" branch="False" />
                <line number="666" hits="0" branch="False" />
                <line number="667" hits="0" branch="False" />
                <line number="668" hits="4" branch="False" />
                <line number="669" hits="0" branch="False" />
                <line number="670" hits="0" branch="False" />
                <line number="671" hits="0" branch="False" />
                <line number="672" hits="0" branch="False" />
                <line number="673" hits="4" branch="False" />
                <line number="675" hits="4" branch="False" />
                <line number="676" hits="4" branch="False" />
                <line number="677" hits="4" branch="False" />
                <line number="678" hits="4" branch="False" />
                <line number="679" hits="4" branch="False" />
                <line number="682" hits="4" branch="False" />
                <line number="683" hits="4" branch="False" />
                <line number="684" hits="4" branch="False" />
                <line number="685" hits="0" branch="False" />
                <line number="686" hits="0" branch="False" />
                <line number="688" hits="0" branch="False" />
                <line number="689" hits="0" branch="False" />
                <line number="690" hits="0" branch="True" condition-coverage="0% (0/2)">
                  <conditions>
                    <condition number="1679" type="jump" coverage="0%" />
                  </conditions>
                </line>
                <line number="691" hits="0" branch="False" />
                <line number="692" hits="0" branch="True" condition-coverage="0% (0/2)">
                  <conditions>
                    <condition number="1597" type="jump" coverage="0%" />
                  </conditions>
                </line>
                <line number="693" hits="0" branch="False" />
                <line number="694" hits="0" branch="False" />
                <line number="695" hits="0" branch="False" />
                <line number="696" hits="0" branch="False" />
                <line number="697" hits="0" branch="False" />
                <line number="698" hits="0" branch="False" />
                <line number="699" hits="0" branch="False" />
                <line number="700" hits="0" branch="False" />
                <line number="702" hits="0" branch="False" />
                <line number="704" hits="4" branch="False" />
              </lines>
            </method>
          </methods>
          <lines>
            <line number="581" hits="4" branch="False" />
            <line number="582" hits="4" branch="False" />
            <line number="584" hits="4" branch="True" condition-coverage="50% (3/6)">
              <conditions>
                <condition number="94" type="jump" coverage="50%" />
                <condition number="123" type="jump" coverage="50%" />
                <condition number="142" type="jump" coverage="50%" />
              </conditions>
            </line>
            <line number="585" hits="4" branch="False" />
            <line number="586" hits="4" branch="False" />
            <line number="587" hits="4" branch="False" />
            <line number="588" hits="4" branch="False" />
            <line number="589" hits="4" branch="False" />
            <line number="590" hits="4" branch="True" condition-coverage="100% (2/2)">
              <conditions>
                <condition number="181" type="jump" coverage="100%" />
              </conditions>
            </line>
            <line number="591" hits="4" branch="False" />
            <line number="592" hits="4" branch="False" />
            <line number="593" hits="4" branch="True" condition-coverage="100% (2/2)">
              <conditions>
                <condition number="209" type="jump" coverage="100%" />
              </conditions>
            </line>
            <line number="594" hits="4" branch="False" />
            <line number="595" hits="4" branch="False" />
            <line number="596" hits="4" branch="False" />
            <line number="597" hits="4" branch="False" />
            <line number="598" hits="4" branch="False" />
            <line number="599" hits="4" branch="False" />
            <line number="600" hits="4" branch="False" />
            <line number="604" hits="4" branch="False" />
            <line number="605" hits="4" branch="False" />
            <line number="606" hits="58" branch="True" condition-coverage="100% (2/2)">
              <conditions>
                <condition number="448" type="jump" coverage="100%" />
              </conditions>
            </line>
            <line number="607" hits="23" branch="False" />
            <line number="608" hits="23" branch="True" condition-coverage="50% (1/2)">
              <conditions>
                <condition number="366" type="jump" coverage="50%" />
              </conditions>
            </line>
            <line number="609" hits="23" branch="False" />
            <line number="611" hits="4" branch="False" />
            <line number="612" hits="4" branch="False" />
            <line number="613" hits="4" branch="False" />
            <line number="614" hits="0" branch="False" />
            <line number="615" hits="0" branch="False" />
            <line number="616" hits="0" branch="False" />
            <line number="617" hits="0" branch="False" />
            <line number="623" hits="4" branch="False" />
            <line number="624" hits="4" branch="True" condition-coverage="50% (1/2)">
              <conditions>
                <condition number="645" type="jump" coverage="50%" />
              </conditions>
            </line>
            <line number="625" hits="4" branch="True" condition-coverage="50% (5/10)">
              <conditions>
                <condition number="669" type="jump" coverage="50%" />
                <condition number="687" type="jump" coverage="50%" />
                <condition number="705" type="jump" coverage="50%" />
                <condition number="725" type="jump" coverage="50%" />
                <condition number="757" type="jump" coverage="50%" />
              </conditions>
            </line>
            <line number="626" hits="4" branch="False" />
            <line number="627" hits="4" branch="False" />
            <line number="628" hits="4" branch="False" />
            <line number="629" hits="4" branch="False" />
            <line number="630" hits="0" branch="False" />
            <line number="631" hits="0" branch="False" />
            <line number="632" hits="0" branch="False" />
            <line number="635" hits="0" branch="False" />
            <line number="636" hits="0" branch="False" />
            <line number="637" hits="0" branch="True" condition-coverage="0% (0/4)">
              <conditions>
                <condition number="863" type="jump" coverage="0%" />
                <condition number="890" type="jump" coverage="0%" />
              </conditions>
            </line>
            <line number="638" hits="0" branch="False" />
            <line number="639" hits="0" branch="False" />
            <line number="640" hits="0" branch="False" />
            <line number="642" hits="0" branch="False" />
            <line number="643" hits="0" branch="False" />
            <line number="644" hits="0" branch="False" />
            <line number="645" hits="0" branch="False" />
            <line number="646" hits="0" branch="False" />
            <line number="647" hits="0" branch="False" />
            <line number="648" hits="0" branch="False" />
            <line number="649" hits="0" branch="False" />
            <line number="652" hits="0" branch="False" />
            <line number="653" hits="0" branch="True" condition-coverage="0% (0/2)">
              <conditions>
                <condition number="991" type="jump" coverage="0%" />
              </conditions>
            </line>
            <line number="654" hits="0" branch="False" />
            <line number="655" hits="0" branch="False" />
            <line number="656" hits="0" branch="False" />
            <line number="657" hits="0" branch="False" />
            <line number="658" hits="0" branch="False" />
            <line number="659" hits="0" branch="False" />
            <line number="660" hits="0" branch="False" />
            <line number="661" hits="0" branch="False" />
            <line number="662" hits="0" branch="False" />
            <line number="666" hits="0" branch="False" />
            <line number="667" hits="0" branch="False" />
            <line number="668" hits="4" branch="False" />
            <line number="669" hits="0" branch="False" />
            <line number="670" hits="0" branch="False" />
            <line number="671" hits="0" branch="False" />
            <line number="672" hits="0" branch="False" />
            <line number="673" hits="4" branch="False" />
            <line number="675" hits="4" branch="False" />
            <line number="676" hits="4" branch="False" />
            <line number="677" hits="4" branch="False" />
            <line number="678" hits="4" branch="False" />
            <line number="679" hits="4" branch="False" />
            <line number="682" hits="4" branch="False" />
            <line number="683" hits="4" branch="False" />
            <line number="684" hits="4" branch="False" />
            <line number="685" hits="0" branch="False" />
            <line number="686" hits="0" branch="False" />
            <line number="688" hits="0" branch="False" />
            <line number="689" hits="0" branch="False" />
            <line number="690" hits="0" branch="True" condition-coverage="0% (0/2)">
              <conditions>
                <condition number="1679" type="jump" coverage="0%" />
              </conditions>
            </line>
            <line number="691" hits="0" branch="False" />
            <line number="692" hits="0" branch="True" condition-coverage="0% (0/2)">
              <conditions>
                <condition number="1597" type="jump" coverage="0%" />
              </conditions>
            </line>
            <line number="693" hits="0" branch="False" />
            <line number="694" hits="0" branch="False" />
            <line number="695" hits="0" branch="False" />
            <line number="696" hits="0" branch="False" />
            <line number="697" hits="0" branch="False" />
            <line number="698" hits="0" branch="False" />
            <line number="699" hits="0" branch="False" />
            <line number="700" hits="0" branch="False" />
            <line number="702" hits="0" branch="False" />
            <line number="704" hits="4" branch="False" />
          </lines>
        </class>
        <class name="GodotGenerator.Infrastructure.Ai.Services.AiOrchestrationService/&lt;&gt;c" filename="Services\AiOrchestrationService.cs" line-rate="1" branch-rate="1" complexity="5">
          <methods>
            <method name="&lt;TryAutoInvokeGeneratedCodeAsync&gt;b__16_0" signature="(Microsoft.SemanticKernel.ChatMessageContent)" line-rate="1" branch-rate="1" complexity="1">
              <lines>
                <line number="336" hits="4" branch="False" />
              </lines>
            </method>
            <method name="&lt;TryAutoInvokeGeneratedCodeAsync&gt;b__16_1" signature="(System.String)" line-rate="1" branch-rate="1" complexity="1">
              <lines>
                <line number="337" hits="4" branch="False" />
              </lines>
            </method>
            <method name="&lt;TryAutoInvokeGeneratedCodeAsync&gt;b__16_2" signature="(System.String)" line-rate="1" branch-rate="1" complexity="1">
              <lines>
                <line number="338" hits="4" branch="False" />
              </lines>
            </method>
            <method name="&lt;TryAutoInvokeGeneratedCodeAsync&gt;b__16_7" signature="(System.ValueTuple`4&lt;System.String,System.String,System.String,System.Int32&gt;)" line-rate="1" branch-rate="1" complexity="1">
              <lines>
                <line number="495" hits="6" branch="False" />
              </lines>
            </method>
            <method name="&lt;TryAutoInvokeGeneratedCodeAsync&gt;b__16_3" signature="(System.ValueTuple`4&lt;System.String,System.String,System.String,System.Int32&gt;)" line-rate="1" branch-rate="1" complexity="1">
              <lines>
                <line number="505" hits="2" branch="False" />
              </lines>
            </method>
          </methods>
          <lines>
            <line number="336" hits="4" branch="False" />
            <line number="337" hits="4" branch="False" />
            <line number="338" hits="4" branch="False" />
            <line number="495" hits="6" branch="False" />
            <line number="505" hits="2" branch="False" />
          </lines>
        </class>
        <class name="GodotGenerator.Infrastructure.Ai.Services.AiOrchestrationService/&lt;&gt;c__DisplayClass16_0" filename="Services\AiOrchestrationService.cs" line-rate="1" branch-rate="1" complexity="1">
          <methods>
            <method name="&lt;TryAutoInvokeGeneratedCodeAsync&gt;b__6" signature="(System.String)" line-rate="1" branch-rate="1" complexity="1">
              <lines>
                <line number="427" hits="11" branch="False" />
              </lines>
            </method>
          </methods>
          <lines>
            <line number="427" hits="11" branch="False" />
          </lines>
        </class>
        <class name="GodotGenerator.Infrastructure.Ai.Services.AiOrchestrationService/&lt;RunTurnAsync&gt;d__7" filename="Services\AiOrchestrationService.cs" line-rate="0.7525" branch-rate="0.7666" complexity="30">
          <methods>
            <method name="MoveNext" signature="()" line-rate="0.7525" branch-rate="0.7666" complexity="30">
              <lines>
                <line number="34" hits="10" branch="False" />
                <line number="35" hits="10" branch="False" />
                <line number="38" hits="10" branch="False" />
                <line number="39" hits="10" branch="False" />
                <line number="41" hits="10" branch="False" />
                <line number="42" hits="10" branch="True" condition-coverage="100% (2/2)">
                  <conditions>
                    <condition number="91" type="jump" coverage="100%" />
                  </conditions>
                </line>
                <line number="43" hits="10" branch="False" />
                <line number="44" hits="10" branch="False" />
                <line number="45" hits="10" branch="False" />
                <line number="46" hits="10" branch="False" />
                <line number="47" hits="10" branch="False" />
                <line number="48" hits="10" branch="True" condition-coverage="100% (2/2)">
                  <conditions>
                    <condition number="217" type="jump" coverage="100%" />
                  </conditions>
                </line>
                <line number="49" hits="1" branch="False" />
                <line number="50" hits="1" branch="True" condition-coverage="100% (2/2)">
                  <conditions>
                    <condition number="228" type="jump" coverage="100%" />
                  </conditions>
                </line>
                <line number="53" hits="9" branch="False" />
                <line number="56" hits="9" branch="True" condition-coverage="100% (2/2)">
                  <conditions>
                    <condition number="296" type="jump" coverage="100%" />
                  </conditions>
                </line>
                <line number="57" hits="3" branch="False" />
                <line number="59" hits="3" branch="False" />
                <line number="60" hits="3" branch="False" />
                <line number="61" hits="3" branch="True" condition-coverage="50% (1/2)">
                  <conditions>
                    <condition number="338" type="jump" coverage="50%" />
                  </conditions>
                </line>
                <line number="62" hits="0" branch="False" />
                <line number="63" hits="0" branch="False" />
                <line number="64" hits="0" branch="False" />
                <line number="65" hits="0" branch="False" />
                <line number="66" hits="3" branch="False" />
                <line number="67" hits="0" branch="False" />
                <line number="68" hits="0" branch="False" />
                <line number="69" hits="0" branch="False" />
                <line number="70" hits="0" branch="False" />
                <line number="71" hits="3" branch="False" />
                <line number="73" hits="9" branch="False" />
                <line number="75" hits="9" branch="True" condition-coverage="100% (2/2)">
                  <conditions>
                    <condition number="568" type="jump" coverage="100%" />
                  </conditions>
                </line>
                <line number="76" hits="9" branch="False" />
                <line number="77" hits="9" branch="False" />
                <line number="78" hits="9" branch="False" />
                <line number="79" hits="9" branch="False" />
                <line number="80" hits="9" branch="False" />
                <line number="81" hits="9" branch="False" />
                <line number="82" hits="9" branch="False" />
                <line number="83" hits="4" branch="False" />
                <line number="84" hits="4" branch="False" />
                <line number="87" hits="4" branch="False" />
                <line number="88" hits="4" branch="True" condition-coverage="50% (1/2)">
                  <conditions>
                    <condition number="785" type="jump" coverage="50%" />
                  </conditions>
                </line>
                <line number="89" hits="0" branch="False" />
                <line number="90" hits="0" branch="False" />
                <line number="91" hits="0" branch="False" />
                <line number="94" hits="4" branch="True" condition-coverage="100% (2/2)">
                  <conditions>
                    <condition number="830" type="jump" coverage="100%" />
                  </conditions>
                </line>
                <line number="95" hits="2" branch="False" />
                <line number="97" hits="2" branch="False" />
                <line number="98" hits="2" branch="False" />
                <line number="100" hits="4" branch="False" />
                <line number="102" hits="4" branch="True" condition-coverage="50% (1/2)">
                  <conditions>
                    <condition number="913" type="jump" coverage="50%" />
                  </conditions>
                </line>
                <line number="103" hits="4" branch="False" />
                <line number="104" hits="4" branch="False" />
                <line number="105" hits="4" branch="False" />
                <line number="106" hits="4" branch="False" />
                <line number="107" hits="4" branch="False" />
                <line number="109" hits="4" branch="True" condition-coverage="50% (1/2)">
                  <conditions>
                    <condition number="964" type="jump" coverage="50%" />
                  </conditions>
                </line>
                <line number="110" hits="0" branch="False" />
                <line number="111" hits="0" branch="False" />
                <line number="112" hits="0" branch="False" />
                <line number="114" hits="4" branch="False" />
                <line number="115" hits="4" branch="False" />
                <line number="116" hits="4" branch="False" />
                <line number="121" hits="4" branch="True" condition-coverage="100% (2/2)">
                  <conditions>
                    <condition number="1179" type="jump" coverage="100%" />
                  </conditions>
                </line>
                <line number="122" hits="4" branch="False" />
                <line number="124" hits="4" branch="False" />
                <line number="125" hits="4" branch="False" />
                <line number="126" hits="4" branch="False" />
                <line number="127" hits="0" branch="False" />
                <line number="128" hits="0" branch="False" />
                <line number="129" hits="0" branch="False" />
                <line number="130" hits="0" branch="False" />
                <line number="131" hits="4" branch="False" />
                <line number="133" hits="4" branch="False" />
                <line number="134" hits="4" branch="False" />
                <line number="136" hits="0" branch="False" />
                <line number="137" hits="0" branch="False" />
                <line number="138" hits="0" branch="False" />
                <line number="140" hits="0" branch="False" />
                <line number="141" hits="0" branch="False" />
                <line number="142" hits="0" branch="False" />
                <line number="144" hits="5" branch="False" />
                <line number="145" hits="5" branch="False" />
                <line number="146" hits="5" branch="False" />
                <line number="147" hits="5" branch="True" condition-coverage="75% (3/4)">
                  <conditions>
                    <condition number="1568" type="jump" coverage="50%" />
                    <condition number="1599" type="jump" coverage="100%" />
                  </conditions>
                </line>
                <line number="148" hits="5" branch="False" />
                <line number="149" hits="1" branch="False" />
                <line number="150" hits="1" branch="False" />
                <line number="153" hits="4" branch="True" condition-coverage="50% (1/2)">
                  <conditions>
                    <condition number="1653" type="jump" coverage="50%" />
                  </conditions>
                </line>
                <line number="154" hits="4" branch="False" />
                <line number="155" hits="4" branch="False" />
                <line number="156" hits="4" branch="False" />
                <line number="159" hits="10" branch="False" />
                <line number="160" hits="10" branch="True" condition-coverage="50% (1/2)">
                  <conditions>
                    <condition number="1726" type="jump" coverage="50%" />
                  </conditions>
                </line>
                <line number="161" hits="10" branch="False" />
                <line number="162" hits="10" branch="False" />
              </lines>
            </method>
          </methods>
          <lines>
            <line number="34" hits="10" branch="False" />
            <line number="35" hits="10" branch="False" />
            <line number="38" hits="10" branch="False" />
            <line number="39" hits="10" branch="False" />
            <line number="41" hits="10" branch="False" />
            <line number="42" hits="10" branch="True" condition-coverage="100% (2/2)">
              <conditions>
                <condition number="91" type="jump" coverage="100%" />
              </conditions>
            </line>
            <line number="43" hits="10" branch="False" />
            <line number="44" hits="10" branch="False" />
            <line number="45" hits="10" branch="False" />
            <line number="46" hits="10" branch="False" />
            <line number="47" hits="10" branch="False" />
            <line number="48" hits="10" branch="True" condition-coverage="100% (2/2)">
              <conditions>
                <condition number="217" type="jump" coverage="100%" />
              </conditions>
            </line>
            <line number="49" hits="1" branch="False" />
            <line number="50" hits="1" branch="True" condition-coverage="100% (2/2)">
              <conditions>
                <condition number="228" type="jump" coverage="100%" />
              </conditions>
            </line>
            <line number="53" hits="9" branch="False" />
            <line number="56" hits="9" branch="True" condition-coverage="100% (2/2)">
              <conditions>
                <condition number="296" type="jump" coverage="100%" />
              </conditions>
            </line>
            <line number="57" hits="3" branch="False" />
            <line number="59" hits="3" branch="False" />
            <line number="60" hits="3" branch="False" />
            <line number="61" hits="3" branch="True" condition-coverage="50% (1/2)">
              <conditions>
                <condition number="338" type="jump" coverage="50%" />
              </conditions>
            </line>
            <line number="62" hits="0" branch="False" />
            <line number="63" hits="0" branch="False" />
            <line number="64" hits="0" branch="False" />
            <line number="65" hits="0" branch="False" />
            <line number="66" hits="3" branch="False" />
            <line number="67" hits="0" branch="False" />
            <line number="68" hits="0" branch="False" />
            <line number="69" hits="0" branch="False" />
            <line number="70" hits="0" branch="False" />
            <line number="71" hits="3" branch="False" />
            <line number="73" hits="9" branch="False" />
            <line number="75" hits="9" branch="True" condition-coverage="100% (2/2)">
              <conditions>
                <condition number="568" type="jump" coverage="100%" />
              </conditions>
            </line>
            <line number="76" hits="9" branch="False" />
            <line number="77" hits="9" branch="False" />
            <line number="78" hits="9" branch="False" />
            <line number="79" hits="9" branch="False" />
            <line number="80" hits="9" branch="False" />
            <line number="81" hits="9" branch="False" />
            <line number="82" hits="9" branch="False" />
            <line number="83" hits="4" branch="False" />
            <line number="84" hits="4" branch="False" />
            <line number="87" hits="4" branch="False" />
            <line number="88" hits="4" branch="True" condition-coverage="50% (1/2)">
              <conditions>
                <condition number="785" type="jump" coverage="50%" />
              </conditions>
            </line>
            <line number="89" hits="0" branch="False" />
            <line number="90" hits="0" branch="False" />
            <line number="91" hits="0" branch="False" />
            <line number="94" hits="4" branch="True" condition-coverage="100% (2/2)">
              <conditions>
                <condition number="830" type="jump" coverage="100%" />
              </conditions>
            </line>
            <line number="95" hits="2" branch="False" />
            <line number="97" hits="2" branch="False" />
            <line number="98" hits="2" branch="False" />
            <line number="100" hits="4" branch="False" />
            <line number="102" hits="4" branch="True" condition-coverage="50% (1/2)">
              <conditions>
                <condition number="913" type="jump" coverage="50%" />
              </conditions>
            </line>
            <line number="103" hits="4" branch="False" />
            <line number="104" hits="4" branch="False" />
            <line number="105" hits="4" branch="False" />
            <line number="106" hits="4" branch="False" />
            <line number="107" hits="4" branch="False" />
            <line number="109" hits="4" branch="True" condition-coverage="50% (1/2)">
              <conditions>
                <condition number="964" type="jump" coverage="50%" />
              </conditions>
            </line>
            <line number="110" hits="0" branch="False" />
            <line number="111" hits="0" branch="False" />
            <line number="112" hits="0" branch="False" />
            <line number="114" hits="4" branch="False" />
            <line number="115" hits="4" branch="False" />
            <line number="116" hits="4" branch="False" />
            <line number="121" hits="4" branch="True" condition-coverage="100% (2/2)">
              <conditions>
                <condition number="1179" type="jump" coverage="100%" />
              </conditions>
            </line>
            <line number="122" hits="4" branch="False" />
            <line number="124" hits="4" branch="False" />
            <line number="125" hits="4" branch="False" />
            <line number="126" hits="4" branch="False" />
            <line number="127" hits="0" branch="False" />
            <line number="128" hits="0" branch="False" />
            <line number="129" hits="0" branch="False" />
            <line number="130" hits="0" branch="False" />
            <line number="131" hits="4" branch="False" />
            <line number="133" hits="4" branch="False" />
            <line number="134" hits="4" branch="False" />
            <line number="136" hits="0" branch="False" />
            <line number="137" hits="0" branch="False" />
            <line number="138" hits="0" branch="False" />
            <line number="140" hits="0" branch="False" />
            <line number="141" hits="0" branch="False" />
            <line number="142" hits="0" branch="False" />
            <line number="144" hits="5" branch="False" />
            <line number="145" hits="5" branch="False" />
            <line number="146" hits="5" branch="False" />
            <line number="147" hits="5" branch="True" condition-coverage="75% (3/4)">
              <conditions>
                <condition number="1568" type="jump" coverage="50%" />
                <condition number="1599" type="jump" coverage="100%" />
              </conditions>
            </line>
            <line number="148" hits="5" branch="False" />
            <line number="149" hits="1" branch="False" />
            <line number="150" hits="1" branch="False" />
            <line number="153" hits="4" branch="True" condition-coverage="50% (1/2)">
              <conditions>
                <condition number="1653" type="jump" coverage="50%" />
              </conditions>
            </line>
            <line number="154" hits="4" branch="False" />
            <line number="155" hits="4" branch="False" />
            <line number="156" hits="4" branch="False" />
            <line number="159" hits="10" branch="False" />
            <line number="160" hits="10" branch="True" condition-coverage="50% (1/2)">
              <conditions>
                <condition number="1726" type="jump" coverage="50%" />
              </conditions>
            </line>
            <line number="161" hits="10" branch="False" />
            <line number="162" hits="10" branch="False" />
          </lines>
        </class>
        <class name="GodotGenerator.Infrastructure.Ai.Services.AiOrchestrationService/&lt;TryAutoInvokeGeneratedCodeAsync&gt;d__16" filename="Services\AiOrchestrationService.cs" line-rate="0.5586" branch-rate="0.5555" complexity="126">
          <methods>
            <method name="MoveNext" signature="()" line-rate="0.5586" branch-rate="0.5555" complexity="126">
              <lines>
                <line number="328" hits="4" branch="False" />
                <line number="329" hits="4" branch="True" condition-coverage="50% (3/6)">
                  <conditions>
                    <condition number="35" type="jump" coverage="50%" />
                    <condition number="43" type="jump" coverage="50%" />
                    <condition number="64" type="jump" coverage="50%" />
                  </conditions>
                </line>
                <line number="330" hits="0" branch="False" />
                <line number="331" hits="0" branch="False" />
                <line number="335" hits="4" branch="False" />
                <line number="339" hits="4" branch="False" />
                <line number="341" hits="4" branch="True" condition-coverage="50% (1/2)">
                  <conditions>
                    <condition number="209" type="jump" coverage="50%" />
                  </conditions>
                </line>
                <line number="342" hits="0" branch="False" />
                <line number="343" hits="0" branch="False" />
                <line number="346" hits="4" branch="False" />
                <line number="349" hits="4" branch="False" />
                <line number="351" hits="4" branch="False" />
                <line number="352" hits="4" branch="False" />
                <line number="353" hits="4" branch="True" condition-coverage="100% (4/4)">
                  <conditions>
                    <condition number="282" type="jump" coverage="100%" />
                    <condition number="308" type="jump" coverage="100%" />
                  </conditions>
                </line>
                <line number="354" hits="2" branch="False" />
                <line number="355" hits="2" branch="False" />
                <line number="356" hits="2" branch="False" />
                <line number="357" hits="4" branch="False" />
                <line number="358" hits="0" branch="False" />
                <line number="359" hits="0" branch="False" />
                <line number="360" hits="0" branch="False" />
                <line number="361" hits="0" branch="False" />
                <line number="363" hits="4" branch="True" condition-coverage="100% (2/2)">
                  <conditions>
                    <condition number="412" type="jump" coverage="100%" />
                  </conditions>
                </line>
                <line number="364" hits="2" branch="False" />
                <line number="365" hits="2" branch="False" />
                <line number="366" hits="2" branch="True" condition-coverage="50% (4/8)">
                  <conditions>
                    <condition number="448" type="jump" coverage="50%" />
                    <condition number="466" type="jump" coverage="50%" />
                    <condition number="484" type="jump" coverage="50%" />
                    <condition number="509" type="jump" coverage="50%" />
                  </conditions>
                </line>
                <line number="367" hits="0" branch="False" />
                <line number="368" hits="0" branch="False" />
                <line number="369" hits="0" branch="False" />
                <line number="370" hits="2" branch="False" />
                <line number="372" hits="4" branch="True" condition-coverage="100% (2/2)">
                  <conditions>
                    <condition number="548" type="jump" coverage="100%" />
                  </conditions>
                </line>
                <line number="373" hits="2" branch="False" />
                <line number="374" hits="2" branch="False" />
                <line number="377" hits="2" branch="False" />
                <line number="378" hits="2" branch="False" />
                <line number="379" hits="46" branch="True" condition-coverage="100% (2/2)">
                  <conditions>
                    <condition number="763" type="jump" coverage="100%" />
                  </conditions>
                </line>
                <line number="380" hits="20" branch="False" />
                <line number="381" hits="20" branch="False" />
                <line number="382" hits="20" branch="False" />
                <line number="386" hits="2" branch="False" />
                <line number="387" hits="2" branch="False" />
                <line number="388" hits="2" branch="True" condition-coverage="50% (2/4)">
                  <conditions>
                    <condition number="790" type="jump" coverage="50%" />
                    <condition number="818" type="jump" coverage="50%" />
                  </conditions>
                </line>
                <line number="389" hits="0" branch="False" />
                <line number="390" hits="0" branch="True" condition-coverage="0% (0/6)">
                  <conditions>
                    <condition number="837" type="jump" coverage="0%" />
                    <condition number="855" type="jump" coverage="0%" />
                    <condition number="883" type="jump" coverage="0%" />
                  </conditions>
                </line>
                <line number="391" hits="0" branch="False" />
                <line number="392" hits="0" branch="False" />
                <line number="393" hits="0" branch="False" />
                <line number="394" hits="0" branch="False" />
                <line number="395" hits="2" branch="False" />
                <line number="396" hits="0" branch="False" />
                <line number="397" hits="0" branch="False" />
                <line number="398" hits="0" branch="False" />
                <line number="399" hits="0" branch="False" />
                <line number="402" hits="2" branch="False" />
                <line number="404" hits="2" branch="False" />
                <line number="405" hits="10" branch="True" condition-coverage="100% (2/2)">
                  <conditions>
                    <condition number="2296" type="jump" coverage="100%" />
                  </conditions>
                </line>
                <line number="406" hits="2" branch="False" />
                <line number="407" hits="2" branch="True" condition-coverage="50% (2/4)">
                  <conditions>
                    <condition number="1039" type="jump" coverage="50%" />
                    <condition number="1051" type="jump" coverage="50%" />
                  </conditions>
                </line>
[...]
            <line number="114" hits="1" branch="False" />
            <line number="117" hits="3" branch="True" condition-coverage="100% (2/2)">
              <conditions>
                <condition number="182" type="jump" coverage="100%" />
              </conditions>
            </line>
            <line number="118" hits="3" branch="False" />
            <line number="119" hits="3" branch="False" />
            <line number="121" hits="3" branch="False" />
            <line number="124" hits="0" branch="False" />
            <line number="125" hits="4" branch="False" />
            <line number="133" hits="6" branch="False" />
            <line number="134" hits="6" branch="False" />
            <line number="135" hits="6" branch="False" />
            <line number="136" hits="6" branch="False" />
            <line number="137" hits="6" branch="False" />
            <line number="138" hits="6" branch="False" />
            <line number="139" hits="6" branch="False" />
            <line number="140" hits="6" branch="True" condition-coverage="100% (2/2)">
              <conditions>
                <condition number="63" type="jump" coverage="100%" />
              </conditions>
            </line>
            <line number="141" hits="4" branch="False" />
            <line number="142" hits="4" branch="False" />
            <line number="146" hits="2" branch="False" />
            <line number="147" hits="2" branch="False" />
            <line number="148" hits="2" branch="True" condition-coverage="50% (1/2)">
              <conditions>
                <condition number="124" type="jump" coverage="50%" />
              </conditions>
            </line>
            <line number="149" hits="0" branch="False" />
            <line number="150" hits="0" branch="False" />
            <line number="153" hits="2" branch="False" />
            <line number="154" hits="2" branch="True" condition-coverage="50% (1/2)">
              <conditions>
                <condition number="155" type="jump" coverage="50%" />
              </conditions>
            </line>
            <line number="155" hits="0" branch="False" />
            <line number="156" hits="0" branch="False" />
            <line number="159" hits="2" branch="False" />
            <line number="161" hits="0" branch="False" />
            <line number="162" hits="0" branch="False" />
            <line number="163" hits="0" branch="False" />
            <line number="164" hits="0" branch="False" />
            <line number="165" hits="0" branch="False" />
            <line number="167" hits="5" branch="False" />
            <line number="176" hits="5" branch="False" />
            <line number="177" hits="5" branch="True" condition-coverage="100% (2/2)">
              <conditions>
                <condition number="9" type="jump" coverage="100%" />
              </conditions>
            </line>
            <line number="178" hits="1" branch="False" />
            <line number="179" hits="1" branch="False" />
            <line number="182" hits="4" branch="True" condition-coverage="100% (2/2)">
              <conditions>
                <condition number="27" type="jump" coverage="100%" />
              </conditions>
            </line>
            <line number="183" hits="3" branch="False" />
            <line number="184" hits="3" branch="False" />
            <line number="187" hits="1" branch="False" />
            <line number="188" hits="1" branch="False" />
            <line number="189" hits="4" branch="False" />
            <line number="197" hits="1" branch="True" condition-coverage="36.66% (22/60)">
              <conditions>
                <condition number="24" type="jump" coverage="50%" />
                <condition number="32" type="jump" coverage="0%" />
                <condition number="40" type="jump" coverage="0%" />
                <condition number="53" type="jump" coverage="0%" />
                <condition number="82" type="jump" coverage="0%" />
                <condition number="95" type="jump" coverage="0%" />
                <condition number="124" type="jump" coverage="50%" />
                <condition number="132" type="jump" coverage="0%" />
                <condition number="145" type="jump" coverage="0%" />
                <condition number="174" type="jump" coverage="50%" />
                <condition number="182" type="jump" coverage="0%" />
                <condition number="205" type="jump" coverage="50%" />
                <condition number="192" type="jump" coverage="50%" />
                <condition number="66" type="jump" coverage="50%" />
                <condition number="108" type="jump" coverage="50%" />
                <condition number="218" type="jump" coverage="50%" />
                <condition number="158" type="jump" coverage="50%" />
                <condition number="239" type="jump" coverage="50%" />
                <condition number="260" type="jump" coverage="50%" />
                <condition number="281" type="jump" coverage="50%" />
                <condition number="302" type="jump" coverage="50%" />
                <condition number="323" type="jump" coverage="50%" />
                <condition number="344" type="jump" coverage="50%" />
                <condition number="365" type="jump" coverage="50%" />
                <condition number="386" type="jump" coverage="50%" />
                <condition number="407" type="jump" coverage="50%" />
                <condition number="428" type="jump" coverage="50%" />
                <condition number="446" type="jump" coverage="50%" />
                <condition number="464" type="jump" coverage="50%" />
                <condition number="479" type="jump" coverage="50%" />
              </conditions>
            </line>
            <line number="198" hits="1" branch="False" />
            <line number="199" hits="0" branch="False" />
            <line number="200" hits="0" branch="False" />
            <line number="201" hits="0" branch="False" />
            <line number="202" hits="0" branch="False" />
            <line number="203" hits="0" branch="False" />
            <line number="204" hits="0" branch="False" />
            <line number="205" hits="0" branch="False" />
            <line number="206" hits="0" branch="False" />
            <line number="207" hits="0" branch="False" />
            <line number="208" hits="0" branch="False" />
            <line number="209" hits="0" branch="False" />
            <line number="210" hits="0" branch="False" />
            <line number="211" hits="0" branch="False" />
            <line number="212" hits="1" branch="False" />
            <line number="213" hits="1" branch="False" />
            <line number="16" hits="7" branch="False" />
            <line number="17" hits="7" branch="False" />
            <line number="18" hits="7" branch="False" />
            <line number="19" hits="7" branch="False" />
          </lines>
        </class>
        <class name="GodotGenerator.Infrastructure.Ai.Services.ProviderConnectionResolver/&lt;ResolveApiKeyAsync&gt;d__5" filename="Services\ProviderConnectionResolver.cs" line-rate="1" branch-rate="0.8332999999999999" complexity="6">
          <methods>
            <method name="MoveNext" signature="()" line-rate="1" branch-rate="0.8332999999999999" complexity="6">
              <lines>
                <line number="68" hits="7" branch="False" />
                <line number="69" hits="7" branch="False" />
                <line number="70" hits="7" branch="True" condition-coverage="100% (2/2)">
                  <conditions>
                    <condition number="185" type="jump" coverage="100%" />
                  </conditions>
                </line>
                <line number="71" hits="5" branch="False" />
                <line number="72" hits="5" branch="False" />
                <line number="75" hits="2" branch="True" condition-coverage="100% (2/2)">
                  <conditions>
                    <condition number="223" type="jump" coverage="100%" />
                  </conditions>
                </line>
                <line number="76" hits="1" branch="False" />
                <line number="77" hits="1" branch="False" />
                <line number="78" hits="1" branch="True" condition-coverage="50% (1/2)">
                  <conditions>
                    <condition number="264" type="jump" coverage="50%" />
                  </conditions>
                </line>
                <line number="81" hits="1" branch="False" />
                <line number="82" hits="7" branch="False" />
              </lines>
            </method>
          </methods>
          <lines>
            <line number="68" hits="7" branch="False" />
            <line number="69" hits="7" branch="False" />
            <line number="70" hits="7" branch="True" condition-coverage="100% (2/2)">
              <conditions>
                <condition number="185" type="jump" coverage="100%" />
              </conditions>
            </line>
            <line number="71" hits="5" branch="False" />
            <line number="72" hits="5" branch="False" />
            <line number="75" hits="2" branch="True" condition-coverage="100% (2/2)">
              <conditions>
                <condition number="223" type="jump" coverage="100%" />
              </conditions>
            </line>
            <line number="76" hits="1" branch="False" />
            <line number="77" hits="1" branch="False" />
            <line number="78" hits="1" branch="True" condition-coverage="50% (1/2)">
              <conditions>
                <condition number="264" type="jump" coverage="50%" />
              </conditions>
            </line>
            <line number="81" hits="1" branch="False" />
            <line number="82" hits="7" branch="False" />
          </lines>
        </class>
        <class name="GodotGenerator.Infrastructure.Ai.Services.ProviderConnectionResolver/&lt;ResolveAsync&gt;d__4" filename="Services\ProviderConnectionResolver.cs" line-rate="0.8965000000000001" branch-rate="0.5832999999999999" complexity="12">
          <methods>
            <method name="MoveNext" signature="()" line-rate="0.8965000000000001" branch-rate="0.5832999999999999" complexity="12">
              <lines>
                <line number="26" hits="7" branch="False" />
                <line number="27" hits="7" branch="False" />
                <line number="28" hits="7" branch="False" />
                <line number="29" hits="7" branch="False" />
                <line number="30" hits="7" branch="False" />
                <line number="31" hits="7" branch="False" />
                <line number="32" hits="7" branch="False" />
                <line number="34" hits="7" branch="True" condition-coverage="25% (1/4)">
                  <conditions>
                    <condition number="357" type="jump" coverage="50%" />
                    <condition number="370" type="jump" coverage="0%" />
                  </conditions>
                </line>
                <line number="35" hits="7" branch="False" />
                <line number="36" hits="7" branch="False" />
                <line number="37" hits="7" branch="False" />
                <line number="38" hits="7" branch="False" />
                <line number="39" hits="7" branch="True" condition-coverage="50% (1/2)">
                  <conditions>
                    <condition number="433" type="jump" coverage="50%" />
                  </conditions>
                </line>
                <line number="40" hits="0" branch="False" />
                <line number="41" hits="0" branch="False" />
                <line number="42" hits="0" branch="False" />
                <line number="44" hits="7" branch="True" condition-coverage="75% (3/4)">
                  <conditions>
                    <condition number="459" type="jump" coverage="100%" />
                    <condition number="472" type="jump" coverage="50%" />
                  </conditions>
                </line>
                <line number="45" hits="7" branch="False" />
                <line number="46" hits="7" branch="False" />
                <line number="47" hits="7" branch="False" />
                <line number="48" hits="7" branch="False" />
                <line number="50" hits="7" branch="False" />
                <line number="51" hits="7" branch="True" condition-coverage="100% (2/2)">
                  <conditions>
                    <condition number="691" type="jump" coverage="100%" />
                  </conditions>
                </line>
                <line number="52" hits="1" branch="False" />
                <line number="53" hits="1" branch="False" />
                <line number="54" hits="1" branch="False" />
                <line number="57" hits="6" branch="False" />
                <line number="58" hits="4" branch="False" />
                <line number="59" hits="4" branch="False" />
              </lines>
            </method>
          </methods>
          <lines>
            <line number="26" hits="7" branch="False" />
            <line number="27" hits="7" branch="False" />
            <line number="28" hits="7" branch="False" />
            <line number="29" hits="7" branch="False" />
            <line number="30" hits="7" branch="False" />
            <line number="31" hits="7" branch="False" />
            <line number="32" hits="7" branch="False" />
            <line number="34" hits="7" branch="True" condition-coverage="25% (1/4)">
              <conditions>
                <condition number="357" type="jump" coverage="50%" />
                <condition number="370" type="jump" coverage="0%" />
              </conditions>
            </line>
            <line number="35" hits="7" branch="False" />
            <line number="36" hits="7" branch="False" />
            <line number="37" hits="7" branch="False" />
            <line number="38" hits="7" branch="False" />
            <line number="39" hits="7" branch="True" condition-coverage="50% (1/2)">
              <conditions>
                <condition number="433" type="jump" coverage="50%" />
              </conditions>
            </line>
            <line number="40" hits="0" branch="False" />
            <line number="41" hits="0" branch="False" />
            <line number="42" hits="0" branch="False" />
            <line number="44" hits="7" branch="True" condition-coverage="75% (3/4)">
              <conditions>
                <condition number="459" type="jump" coverage="100%" />
                <condition number="472" type="jump" coverage="50%" />
              </conditions>
            </line>
            <line number="45" hits="7" branch="False" />
            <line number="46" hits="7" branch="False" />
            <line number="47" hits="7" branch="False" />
            <line number="48" hits="7" branch="False" />
            <line number="50" hits="7" branch="False" />
            <line number="51" hits="7" branch="True" condition-coverage="100% (2/2)">
              <conditions>
                <condition number="691" type="jump" coverage="100%" />
              </conditions>
            </line>
            <line number="52" hits="1" branch="False" />
            <line number="53" hits="1" branch="False" />
            <line number="54" hits="1" branch="False" />
            <line number="57" hits="6" branch="False" />
            <line number="58" hits="4" branch="False" />
            <line number="59" hits="4" branch="False" />
          </lines>
        </class>
        <class name="GodotGenerator.Infrastructure.Ai.Services.ProviderConnectionSettings" filename="Services\ProviderConnectionSettings.cs" line-rate="1" branch-rate="1" complexity="5">
          <methods>
            <method name="get_Provider" signature="()" line-rate="1" branch-rate="1" complexity="1">
              <lines>
                <line number="13" hits="8" branch="False" />
              </lines>
            </method>
            <method name="get_ModelId" signature="()" line-rate="1" branch-rate="1" complexity="1">
              <lines>
                <line number="14" hits="9" branch="False" />
              </lines>
            </method>
            <method name="get_ApiKey" signature="()" line-rate="1" branch-rate="1" complexity="1">
              <lines>
                <line number="15" hits="4" branch="False" />
              </lines>
            </method>
            <method name="get_Endpoint" signature="()" line-rate="1" branch-rate="1" complexity="1">
              <lines>
                <line number="16" hits="10" branch="False" />
              </lines>
            </method>
            <method name=".ctor" signature="(System.String,System.String,System.String,System.Uri)" line-rate="1" branch-rate="1" complexity="1">
              <lines>
                <line number="12" hits="5" branch="False" />
              </lines>
            </method>
          </methods>
          <lines>
            <line number="13" hits="8" branch="False" />
            <line number="14" hits="9" branch="False" />
            <line number="15" hits="4" branch="False" />
            <line number="16" hits="10" branch="False" />
            <line number="12" hits="5" branch="False" />
          </lines>
        </class>
        <class name="GodotGenerator.Infrastructure.Ai.Options.LlmOptions" filename="Options\LlmOptions.cs" line-rate="0.6666" branch-rate="1" complexity="3">
          <methods>
            <method name="get_ChatModelId" signature="()" line-rate="1" branch-rate="1" complexity="1">
              <lines>
                <line number="21" hits="26" branch="False" />
              </lines>
            </method>
            <method name="get_ApiKey" signature="()" line-rate="1" branch-rate="1" complexity="1">
              <lines>
                <line number="26" hits="4" branch="False" />
              </lines>
            </method>
            <method name="get_OrganizationId" signature="()" line-rate="0" branch-rate="1" complexity="1">
              <lines>
                <line number="31" hits="0" branch="False" />
              </lines>
            </method>
          </methods>
          <lines>
            <line number="21" hits="26" branch="False" />
            <line number="26" hits="4" branch="False" />
            <line number="31" hits="0" branch="False" />
          </lines>
        </class>
        <class name="GodotGenerator.Infrastructure.Ai.Options.OrchestrationOptions" filename="Options\OrchestrationOptions.cs" line-rate="1" branch-rate="1" complexity="4">
          <methods>
            <method name="get_EnableAutoToolInvocation" signature="()" line-rate="1" branch-rate="1" complexity="1">
              <lines>
                <line number="22" hits="20" branch="False" />
              </lines>
            </method>
            <method name="get_GenericFailureMessage" signature="()" line-rate="1" branch-rate="1" complexity="1">
              <lines>
                <line number="28" hits="23" branch="False" />
              </lines>
            </method>
            <method name="get_TurnTimeoutSeconds" signature="()" line-rate="1" branch-rate="1" complexity="1">
              <lines>
                <line number="33" hits="32" branch="False" />
              </lines>
            </method>
            <method name="get_EnableModalityToolFiltering" signature="()" line-rate="1" branch-rate="1" complexity="1">
              <lines>
                <line number="38" hits="15" branch="False" />
              </lines>
            </method>
          </methods>
          <lines>
            <line number="22" hits="20" branch="False" />
            <line number="28" hits="23" branch="False" />
            <line number="33" hits="32" branch="False" />
            <line number="38" hits="15" branch="False" />
          </lines>
        </class>
      </classes>
    </package>
  </packages>
</coverage>